0.000 [ Info   ][Logger] No ORO_LOGLEVEL environment variable set.
0.000 [ Info   ][Logger]  OROCOS version '2.5.0' compiled with GCC 4.6.3. Running in GNU/Linux.
0.000 [ Info   ][Logger] Orocos Logging Activated at level : [ Warning] ( 4 ) 
0.000 [ Info   ][Logger] Reference System Time is : 1491578636860460454 ticks ( 1.49158e+09 seconds ).
0.000 [ Info   ][Logger] Logging is relative to this time.
0.000 [ Info   ][Logger] Loading typekit libraries from directory /home/anis/Desktop/XDE/xde/bin/types ...
0.313 [ Info   ][TypekitRepository::Import] Loading Typekit XDETypekitPlugin.
0.378 [ Info   ][Logger] Loaded RTT TypeKit/Transport 'XDETypekitPlugin' from 'XDE-typekit.so'
0.855 [ Info   ][TypekitRepository::Import] Loading Transport CORBA://xde/corba.
0.855 [ Info   ][TypekitRepository::Import] Registered new 'CORBA' transport for AngularVelocityd
0.855 [ Info   ][TypekitRepository::Import] Registered new 'CORBA' transport for Displacementd
0.855 [ Info   ][TypekitRepository::Import] Registered new 'CORBA' transport for Matrix4d
0.855 [ Info   ][TypekitRepository::Import] Registered new 'CORBA' transport for Matrix6Xd
0.855 [ Info   ][TypekitRepository::Import] Registered new 'CORBA' transport for Matrix6d
0.855 [ Info   ][TypekitRepository::Import] Registered new 'CORBA' transport for MatrixXd
0.855 [ Info   ][TypekitRepository::Import] Registered new 'CORBA' transport for Msg
0.855 [ Info   ][TypekitRepository::Import] Registered new 'CORBA' transport for Rotation3d
0.855 [ Info   ][TypekitRepository::Import] Registered new 'CORBA' transport for SMsg
0.855 [ Info   ][TypekitRepository::Import] Registered new 'CORBA' transport for Torqued
0.855 [ Info   ][TypekitRepository::Import] Registered new 'CORBA' transport for Twistd
0.855 [ Info   ][TypekitRepository::Import] Registered new 'CORBA' transport for Vector3d
0.855 [ Info   ][TypekitRepository::Import] Registered new 'CORBA' transport for Vector4d
0.855 [ Info   ][TypekitRepository::Import] Registered new 'CORBA' transport for VectorXd
0.855 [ Info   ][TypekitRepository::Import] Registered new 'CORBA' transport for Wrenchd
0.855 [ Info   ][TypekitRepository::Import] Registered new 'CORBA' transport for map_string_Displacementd
0.855 [ Info   ][TypekitRepository::Import] Registered new 'CORBA' transport for map_string_double
0.855 [ Info   ][TypekitRepository::Import] Registered new 'CORBA' transport for map_string_string
0.855 [ Info   ][TypekitRepository::Import] Registered new 'CORBA' transport for pair_int_int
0.855 [ Info   ][TypekitRepository::Import] Registered new 'CORBA' transport for pair_vector_float_vector_uint
0.855 [ Info   ][TypekitRepository::Import] Registered new 'CORBA' transport for ptree
0.855 [ Info   ][TypekitRepository::Import] Registered new 'CORBA' transport for vector_Displacementd
0.855 [ Info   ][TypekitRepository::Import] Registered new 'CORBA' transport for vector_Twistd
0.855 [ Info   ][TypekitRepository::Import] Registered new 'CORBA' transport for vector_int
0.855 [ Info   ][TypekitRepository::Import] Registered new 'CORBA' transport for vector_pair_Displacementd_string
0.855 [ Info   ][TypekitRepository::Import] Registered new 'CORBA' transport for vector_pair_int_Displacementd
0.855 [ Info   ][TypekitRepository::Import] Registered new 'CORBA' transport for vector_pair_pair_Displacementd_Twistd_string
0.855 [ Info   ][TypekitRepository::Import] Registered new 'CORBA' transport for vector_pair_string_int
0.855 [ Info   ][TypekitRepository::Import] Registered new 'CORBA' transport for vector_pair_string_string
0.855 [ Info   ][TypekitRepository::Import] Registered new 'CORBA' transport for vector_string
0.875 [ Info   ][Logger] Loaded RTT TypeKit/Transport 'XDECorbaPlugin' from 'XDE-transport-corba.so'
0.875 [ Info   ][Logger] Loading typekit libraries from directory /usr/lib/orocos/gnulinux/types ...
0.948 [ Info   ][TypekitRepository::Import] Loading Transport mqueue://rtt-types.
0.948 [ Info   ][Logger] Loaded RTT TypeKit/Transport 'rtt-mqueue-transport' from 'rtt-transport-mqueue'
0.976 [ Info   ][TypekitRepository::Import] Loading Transport CORBA://rtt-types.
0.976 [ Info   ][Logger] Loaded RTT TypeKit/Transport 'rtt-corba-types' from 'rtt-transport-corba'
1.112 [ Info   ][TypekitRepository::Import] Loading Typekit rtt-types.
1.120 [ Info   ][TypekitRepository::Import] Registered new 'mqueue' transport for int
1.120 [ Info   ][TypekitRepository::Import] Registered new 'CORBA' transport for int
1.120 [ Info   ][TypekitRepository::Import] Registered new 'mqueue' transport for uint
1.120 [ Info   ][TypekitRepository::Import] Registered new 'CORBA' transport for uint
1.120 [ Info   ][TypekitRepository::Import] Registered new 'mqueue' transport for double
1.120 [ Info   ][TypekitRepository::Import] Registered new 'CORBA' transport for double
1.120 [ Info   ][TypekitRepository::Import] Registered new 'mqueue' transport for float
1.120 [ Info   ][TypekitRepository::Import] Registered new 'CORBA' transport for float
1.121 [ Info   ][TypekitRepository::Import] Registered new 'mqueue' transport for char
1.121 [ Info   ][TypekitRepository::Import] Registered new 'CORBA' transport for char
1.121 [ Info   ][TypekitRepository::Import] Registered new 'mqueue' transport for bool
1.121 [ Info   ][TypekitRepository::Import] Registered new 'CORBA' transport for bool
1.121 [ Info   ][TypekitRepository::Import] Registered new 'CORBA' transport for void
1.122 [ Info   ][TypekitRepository::Import] Registered new 'CORBA' transport for ConnPolicy
1.122 [ Info   ][TypekitRepository::Import] Registered new 'CORBA' transport for TaskContext
1.125 [ Info   ][TypekitRepository::Import] Registered new 'CORBA' transport for string
1.125 [ Info   ][TypekitRepository::Import] Registered new 'mqueue' transport for array
1.125 [ Info   ][TypekitRepository::Import] Registered new 'CORBA' transport for array
1.127 [ Info   ][Logger] Loaded RTT TypeKit/Transport 'rtt-types' from 'rtt-typekit'
1.127 [ Info   ][Logger] Loading plugin libraries from directory /usr/lib/orocos/gnulinux/plugins ...
1.202 [ Info   ][Logger] Loaded RTT Service 'scripting' from 'rtt-scripting'
1.218 [ Info   ][Logger] Loaded RTT Service 'marshalling' from 'rtt-marshalling'
2.213 [ Info   ][Thread] Creating Thread for scheduler=ORO_SCHED_OTHER, priority=0, CPU affinity=0, with name='deployment'
2.213 [ Info   ][deployment] Thread created with scheduler type 'ORO_SCHED_OTHER', priority 0, cpu affinity 255 and period 0 (PID= 20159 ).
2.213 [ Info   ][Thread] Creating Thread for scheduler=ORO_SCHED_OTHER, priority=0, CPU affinity=0, with name='GlobalEngine'
2.213 [ Info   ][GlobalEngine] Thread created with scheduler type 'ORO_SCHED_OTHER', priority 0, cpu affinity 255 and period 0 (PID= 20160 ).
2.213 [ Warning][Service::addLocalOperation] While adding Operation: 'loadService': replacing previously added operation.
2.213 [ Info   ][DeploymentComponent::configure] RTT_COMPONENT_PATH was set to /home/anis/Desktop/XDE/xde/bin/ocl
2.213 [ Info   ][DeploymentComponent::configure] Re-scanning for plugins and components...
2.213 [ Info   ][Logger] No site file was found. Importing 'ocl' by default.
2.213 [ ERROR  ][DeploymentComponent::import] No such package or directory found in search path: ocl. Search path is: 
2.213 [ ERROR  ][DeploymentComponent::import] /home/anis/Desktop/XDE/xde/bin/ocl:.
2.213 [ ERROR  ][DeploymentComponent::import] /home/anis/Desktop/XDE/xde/bin/ocl/ocl
2.213 [ ERROR  ][DeploymentComponent::import] /home/anis/Desktop/XDE/xde/bin/ocl/gnulinux/ocl
2.213 [ ERROR  ][DeploymentComponent::import] ./ocl
2.213 [ ERROR  ][DeploymentComponent::import] ./gnulinux/ocl
4.206 [ Info   ][Logger] Loading typekit libraries from directory /home/anis/Desktop/XDE/xde/bin/types ...
4.206 [ Info   ][Logger] Loading typekit libraries from directory /usr/lib/orocos/gnulinux/types ...
4.206 [ Info   ][Logger] Loading typekit libraries from directory /home/anis/Desktop/XDE/xde/bin/types ...
4.206 [ Info   ][Logger] Loading typekit libraries from directory /usr/lib/orocos/gnulinux/types ...
4.206 [ Info   ][Logger] Loading plugin libraries from directory /usr/lib/orocos/gnulinux/plugins ...
4.206 [ Info   ][Logger] Loading plugin libraries from directory /usr/lib/orocos/gnulinux/plugins ...
4.238 [ Info   ][DeploymentComponent::import] Loaded component type 'dio::Clock'
4.270 [ Info   ][Thread] Creating Thread for scheduler=ORO_SCHED_OTHER, priority=0, CPU affinity=0, with name='clock'
4.270 [ Info   ][clock] Thread created with scheduler type 'ORO_SCHED_OTHER', priority 0, cpu affinity 255 and period 0 (PID= 20165 ).
4.278 [ Info   ][clock] Creating component: clock
4.284 [ Info   ][Thread] Creating Thread for scheduler=ORO_SCHED_OTHER, priority=0, CPU affinity=0, with name='Activity'
4.284 [ Info   ][Activity] Thread created with scheduler type 'ORO_SCHED_OTHER', priority 0, cpu affinity 255 and period 0 (PID= 20166 ).
4.284 [ Warning][DeploymentComponent::loadComponent] Forcing priority (99) of thread with SCHED_OTHER policy to 0.
4.294 [ Warning][Service::addLocalOperation] While adding Operation: 'setPeriod': replacing previously added operation.
4.294 [ Info   ][DeploymentComponent::loadComponent] Adding clock as new peer:  OK.
4.445 [ Info   ][DeploymentComponent::import] Loaded component type 'xdefw::physics::PhysicAgent'
4.446 [ Info   ][Thread] Creating Thread for scheduler=ORO_SCHED_OTHER, priority=0, CPU affinity=0, with name='physic'
4.446 [ Info   ][physic] Thread created with scheduler type 'ORO_SCHED_OTHER', priority 0, cpu affinity 255 and period 0 (PID= 20167 ).
4.446 [ Info   ][Thread] Creating Thread for scheduler=ORO_SCHED_OTHER, priority=0, CPU affinity=0, with name='physic.lock_task'
4.446 [ Info   ][physic.lock_task] Thread created with scheduler type 'ORO_SCHED_OTHER', priority 0, cpu affinity 255 and period 0 (PID= 20168 ).
4.446 [ Info   ][Thread] Creating Thread for scheduler=ORO_SCHED_RT, priority=0, CPU affinity=0, with name='Activity'
4.446 [ Warning][Thread] Lowering scheduler type to SCHED_OTHER for non-privileged users..
4.446 [ Warning][Activity] Lowering scheduler type to SCHED_OTHER for non-privileged users..
4.446 [ Info   ][Activity] Thread created with scheduler type 'ORO_SCHED_OTHER', priority 0, cpu affinity 255 and period 0.01 (PID= 20169 ).
4.446 [ Warning][DeploymentComponent::loadComponent] Forcing priority (99) of thread with SCHED_OTHER policy to 0.
4.466 [ Warning][Service::addLocalOperation] While adding Operation: 'setPeriod': replacing previously added operation.
4.466 [ Info   ][DeploymentComponent::loadComponent] Adding physic as new peer:  OK.
4.818 [ Warning][Logger] 'addPort' clock_trigger: name already in use. Disconnecting and replacing previous port with new one.
5.579 [ Info   ][DeploymentComponent::import] Loaded component type 'xdefw::graphics::GraphicAgent'
5.579 [ Info   ][Thread] Creating Thread for scheduler=ORO_SCHED_OTHER, priority=0, CPU affinity=0, with name='graphic'
5.579 [ Info   ][graphic] Thread created with scheduler type 'ORO_SCHED_OTHER', priority 0, cpu affinity 255 and period 0 (PID= 20170 ).
5.579 [ Info   ][Thread] Creating Thread for scheduler=ORO_SCHED_OTHER, priority=0, CPU affinity=0, with name='graphic.lock_task'
5.580 [ Info   ][graphic.lock_task] Thread created with scheduler type 'ORO_SCHED_OTHER', priority 0, cpu affinity 255 and period 0 (PID= 20171 ).
5.649 [ Info   ][Thread] Creating Thread for scheduler=ORO_SCHED_RT, priority=0, CPU affinity=0, with name='Activity'
5.649 [ Warning][Thread] Lowering scheduler type to SCHED_OTHER for non-privileged users..
5.649 [ Warning][Activity] Lowering scheduler type to SCHED_OTHER for non-privileged users..
5.649 [ Info   ][Activity] Thread created with scheduler type 'ORO_SCHED_OTHER', priority 0, cpu affinity 255 and period 0.1 (PID= 20172 ).
5.650 [ Info   ][Thread] Creating Thread for scheduler=ORO_SCHED_OTHER, priority=0, CPU affinity=0, with name='dio/factory/graphic_KMfactory'
5.650 [ Info   ][dio/factory/graphic_KMfactory] Thread created with scheduler type 'ORO_SCHED_OTHER', priority 0, cpu affinity 255 and period 0 (PID= 20173 ).
5.650 [ Info   ][dio/factory/graphic_KMfactory] Creating factory: graphic_KMfactory
5.650 [ Info   ][DeploymentComponent::loadComponent] Adding graphic as new peer:  OK.
7.021 [ Info   ][Thread] Creating Thread for scheduler=ORO_SCHED_OTHER, priority=0, CPU affinity=0, with name='MarkerManager'
7.022 [ Info   ][MarkerManager] Thread created with scheduler type 'ORO_SCHED_OTHER', priority 0, cpu affinity 255 and period 0 (PID= 20185 ).
8.860 [ Info   ][DeploymentComponent::import] Loaded component type 'XDE_SimpleController'
8.861 [ Info   ][Thread] Creating Thread for scheduler=ORO_SCHED_OTHER, priority=0, CPU affinity=0, with name='control'
8.861 [ Info   ][control] Thread created with scheduler type 'ORO_SCHED_OTHER', priority 0, cpu affinity 255 and period 0 (PID= 20186 ).
8.861 [ Info   ][DeploymentComponent::loadComponent] Adding control as new peer:  OK.
10.062 [ Warning][Logger] 'addPort' kuka_tau: name already in use. Disconnecting and replacing previous port with new one.
10.062 [ Info   ][Thread] Creating Thread for scheduler=ORO_SCHED_OTHER, priority=0, CPU affinity=0, with name='getLocalDisplacement_07_ob1'
10.062 [ Info   ][getLocalDisplacement_07_ob1] Thread created with scheduler type 'ORO_SCHED_OTHER', priority 0, cpu affinity 255 and period 0 (PID= 20187 ).
10.075 [ Warning][Logger] 'addPort' contacts: name already in use. Disconnecting and replacing previous port with new one.
10.080 [ Warning][Logger] 'addPort' contacts: name already in use. Disconnecting and replacing previous port with new one.
10.087 [ Info   ][Thread] Creating Thread for scheduler=ORO_SCHED_OTHER, priority=0, CPU affinity=0, with name='GlobalDistanceVisualizer'
10.087 [ Info   ][GlobalDistanceVisualizer] Thread created with scheduler type 'ORO_SCHED_OTHER', priority 0, cpu affinity 255 and period 0 (PID= 20188 ).
10.112 [ Info   ][Thread] Creating Thread for scheduler=ORO_SCHED_OTHER, priority=0, CPU affinity=0, with name='control_param'
10.112 [ Info   ][control_param] Thread created with scheduler type 'ORO_SCHED_OTHER', priority 0, cpu affinity 255 and period 0 (PID= 20189 ).
10.138 [ Info   ][Thread] Creating Thread for scheduler=ORO_SCHED_OTHER, priority=0, CPU affinity=0, with name='smi'
10.138 [ Info   ][smi] Thread created with scheduler type 'ORO_SCHED_OTHER', priority 0, cpu affinity 255 and period 0 (PID= 20190 ).
10.166 [ Info   ][DeploymentComponent::import] Loaded component type 'dio::SpaceMouseFactory'
10.166 [ Info   ][Thread] Creating Thread for scheduler=ORO_SCHED_OTHER, priority=0, CPU affinity=0, with name='dio/factory/smf'
10.166 [ Info   ][dio/factory/smf] Thread created with scheduler type 'ORO_SCHED_OTHER', priority 0, cpu affinity 255 and period 0 (PID= 20191 ).
10.166 [ Info   ][dio/factory/smf] Creating factory: smf
10.166 [ Info   ][DeploymentComponent::loadComponent] Adding dio/factory/smf as new peer:  OK.
10.177 [ Info   ][Thread] Creating Thread for scheduler=ORO_SCHED_OTHER, priority=0, CPU affinity=0, with name='dio/hw/smf'
10.178 [ Info   ][dio/hw/smf] Thread created with scheduler type 'ORO_SCHED_OTHER', priority 0, cpu affinity 255 and period 0 (PID= 20193 ).
10.178 [ Info   ][dio/hw/smf] Creating harware: smf
10.178 [ Warning][Service::addLocalOperation] While adding Operation: 'start': replacing previously added operation.
10.178 [ Warning][Service::addLocalOperation] While adding Operation: 'stop': replacing previously added operation.
10.178 [ Warning][Service::addLocalOperation] While adding Operation: 'cleanup': replacing previously added operation.
10.178 [ Warning][Service::addLocalOperation] While adding Operation: 'configure': replacing previously added operation.
10.178 [ Info   ][Thread] Creating Thread for scheduler=ORO_SCHED_RT, priority=1, CPU affinity=0, with name='Activity'
10.178 [ Warning][Thread] Lowering scheduler type to SCHED_OTHER for non-privileged users..
10.178 [ Warning][Activity] Lowering scheduler type to SCHED_OTHER for non-privileged users..
10.178 [ Info   ][Activity] Thread created with scheduler type 'ORO_SCHED_OTHER', priority 0, cpu affinity 255 and period 0.005 (PID= 20194 ).
10.207 [ Info   ][dio/hw/smf] dio/hw/smf has been started
